<?xml version="1.0" encoding="UTF-8"?>
<testsuite name="com.airbnb.scheduler.jobs.JobSchedulerSpec" time="5.729" tests="15" errors="0" skipped="0" failures="0">
  <properties>
[...]
</properties>
  <testcase name="JobScheduler should::Get an empty stream if no-op schedule is given" classname="com.airbnb.scheduler.jobs.JobSchedulerSpec" time="0.038"/>
  <testcase name="JobScheduler should::Ignore a task that has been due past epsilon" classname="com.airbnb.scheduler.jobs.JobSchedulerSpec" time="0.002"/>
  <testcase name="JobScheduler should::Old schedule stream is removed" classname="com.airbnb.scheduler.jobs.JobSchedulerSpec" time="0.006"/>
  <testcase name="JobScheduler should::Construct a task for a given time when the schedule is within epsilon" classname="com.airbnb.scheduler.jobs.JobSchedulerSpec" time="0.003"/>
  <testcase name="JobScheduler should::Future task beyond time-horizon should not be scheduled" classname="com.airbnb.scheduler.jobs.JobSchedulerSpec" time="0.002"/>
  <testcase name="JobScheduler should::Job scheduler sans streams is empty" classname="com.airbnb.scheduler.jobs.JobSchedulerSpec" time="0.007"/>
  <testcase name="JobScheduler should::Infinite task must be scheduled" classname="com.airbnb.scheduler.jobs.JobSchedulerSpec" time="0.044"/>
  <testcase name="JobScheduler should::Old schedule streams are removed but newer ones are kept" classname="com.airbnb.scheduler.jobs.JobSchedulerSpec" time="0.064"/>
  <testcase name="Removing tasks must also remove the streams" classname="com.airbnb.scheduler.jobs.JobSchedulerSpec" time="0.043"/>
  <testcase name="Removing a dependency of another job throws an exception without the force method" classname="com.airbnb.scheduler.jobs.JobSchedulerSpec" time="0.077"/>
  <testcase name="Recursive removing of jobs works" classname="com.airbnb.scheduler.jobs.JobSchedulerSpec" time="0.054"/>
  <testcase name="Missed executions have to be skipped" classname="com.airbnb.scheduler.jobs.JobSchedulerSpec" time="0.05"/>
  <testcase name="Removing a dependency of another job removes the parent properly from the list of parents" classname="com.airbnb.scheduler.jobs.JobSchedulerSpec" time="0.149"/>
  <testcase name="JobScheduler should::Multiple tasks must be scheduled if they&apos;re within epsilon and before time-horizon" classname="com.airbnb.scheduler.jobs.JobSchedulerSpec" time="0.373"/>
  <testcase name="Job scheduler persists job state after runs" classname="com.airbnb.scheduler.jobs.JobSchedulerSpec" time="4.817"/>
</testsuite>